C:\Users\welfv\Desktop\layout_saver_service\server.js:11
const DATABASE = localSettings.database.path
                                        ^

TypeError: Cannot read property 'path' of undefined
    at Object.<anonymous> (C:\Users\welfv\Desktop\layout_saver_service\server.js:11:41)
    at Module._compile (internal/modules/cjs/loader.js:956:30)
    at Object.Module._extensions..js (internal/modules/cjs/loader.js:973:10)
    at Module.load (internal/modules/cjs/loader.js:812:32)
    at Function.Module._load (internal/modules/cjs/loader.js:724:14)
    at Function.Module.runMain (internal/modules/cjs/loader.js:1025:10)
    at internal/main/run_main_module.js:17:11
C:\Users\welfv\Desktop\layout_saver_service\server.js:11
const DATABASE = localSettings.database.path
                                        ^

TypeError: Cannot read property 'path' of undefined
    at Object.<anonymous> (C:\Users\welfv\Desktop\layout_saver_service\server.js:11:41)
    at Module._compile (internal/modules/cjs/loader.js:956:30)
    at Object.Module._extensions..js (internal/modules/cjs/loader.js:973:10)
    at Module.load (internal/modules/cjs/loader.js:812:32)
    at Function.Module._load (internal/modules/cjs/loader.js:724:14)
    at Function.Module.runMain (internal/modules/cjs/loader.js:1025:10)
    at internal/main/run_main_module.js:17:11
C:\Users\welfv\Desktop\layout_saver_service\server.js:11
const DATABASE = localSettings.database.path
                                        ^

TypeError: Cannot read property 'path' of undefined
    at Object.<anonymous> (C:\Users\welfv\Desktop\layout_saver_service\server.js:11:41)
    at Module._compile (internal/modules/cjs/loader.js:956:30)
    at Object.Module._extensions..js (internal/modules/cjs/loader.js:973:10)
    at Module.load (internal/modules/cjs/loader.js:812:32)
    at Function.Module._load (internal/modules/cjs/loader.js:724:14)
    at Function.Module.runMain (internal/modules/cjs/loader.js:1025:10)
    at internal/main/run_main_module.js:17:11
